Log file open, 05/09/18 20:18:59
LogWindows: Failed to load 'aqProf.dll' (GetLastError=126)
LogWindows: File 'aqProf.dll' does not exist
LogWindows: Failed to load 'VtuneApi.dll' (GetLastError=126)
LogWindows: File 'VtuneApi.dll' does not exist
LogWindows: Failed to load 'VtuneApi32e.dll' (GetLastError=126)
LogWindows: File 'VtuneApi32e.dll' does not exist
LogInit: Display: Running engine for game: BallsMovement
LogPlatformFile: Not using cached read wrapper
LogInit: Display: RandInit(2077852138) SRandInit(2077852139).
LogInit: Read version file with build ID '3944462'
LogInit: Overriding engine version to CL 4033788, compatible CL 3944462
LogInit: Registered custom module enumerator with build ID '3944462'
LogTaskGraph: Started task graph with 5 named threads and 47 total threads with 3 sets of task threads.
LogStats: Stats thread started at 0.626840
LogD3D11RHI: Aftermath initialized
LogICUInternationalization: Display: ICU TimeZone Detection - Raw Offset: +1:00, Platform Override: ''
LogModuleManager: Display: Found up-to-date module file ../../../Engine/Plugins/2D/Paper2D/Binaries/Win64/UE4Editor-Paper2D.dll (API version 3944462).
LogModuleManager: Display: Found up-to-date module file ../../../Engine/Plugins/2D/Paper2D/Binaries/Win64/UE4Editor-Paper2DEditor.dll (API version 3944462).
LogModuleManager: Display: Found up-to-date module file ../../../Engine/Plugins/2D/Paper2D/Binaries/Win64/UE4Editor-PaperSpriteSheetImporter.dll (API version 3944462).
LogModuleManager: Display: Found up-to-date module file ../../../Engine/Plugins/2D/Paper2D/Binaries/Win64/UE4Editor-PaperTiledImporter.dll (API version 3944462).
LogModuleManager: Display: Found up-to-date module file ../../../Engine/Plugins/2D/Paper2D/Binaries/Win64/UE4Editor-SmartSnapping.dll (API version 3944462).
LogModuleManager: Display: Found up-to-date module file ../../../Engine/Plugins/Blendables/LightPropagationVolume/Binaries/Win64/UE4Editor-LightPropagationVolumeRuntime.dll (API version 3944462).
LogModuleManager: Display: Found up-to-date module file ../../../Engine/Plugins/Blendables/LightPropagationVolume/Binaries/Win64/UE4Editor-LightPropagationVolumeEditor.dll (API version 3944462).
LogModuleManager: Display: Found up-to-date module file ../../../Engine/Plugins/Developer/CLionSourceCodeAccess/Binaries/Win64/UE4Editor-CLionSourceCodeAccess.dll (API version 3944462).
LogModuleManager: Display: Found up-to-date module file ../../../Engine/Plugins/Developer/GitSourceControl/Binaries/Win64/UE4Editor-GitSourceControl.dll (API version 3944462).
LogModuleManager: Display: Found up-to-date module file ../../../Engine/Plugins/Developer/PerforceSourceControl/Binaries/Win64/UE4Editor-PerforceSourceControl.dll (API version 3944462).
LogModuleManager: Display: Found up-to-date module file ../../../Engine/Plugins/Developer/SubversionSourceControl/Binaries/Win64/UE4Editor-SubversionSourceControl.dll (API version 3944462).
LogModuleManager: Display: Found up-to-date module file ../../../Engine/Plugins/Developer/UObjectPlugin/Binaries/Win64/UE4Editor-UObjectPlugin.dll (API version 3944462).
LogModuleManager: Display: Found up-to-date module file ../../../Engine/Plugins/Developer/VisualStudioCodeSourceCodeAccess/Binaries/Win64/UE4Editor-VisualStudioCodeSourceCodeAccess.dll (API version 3944462).
LogModuleManager: Display: Found up-to-date module file ../../../Engine/Plugins/Developer/VisualStudioSourceCodeAccess/Binaries/Win64/UE4Editor-VisualStudioSourceCodeAccess.dll (API version 3944462).
LogModuleManager: Display: Found up-to-date module file ../../../Engine/Plugins/Editor/AssetManagerEditor/Binaries/Win64/UE4Editor-AssetManagerEditor.dll (API version 3944462).
LogModuleManager: Display: Found up-to-date module file ../../../Engine/Plugins/Editor/CryptoKeys/Binaries/Win64/UE4Editor-CryptoKeys.dll (API version 3944462).
LogModuleManager: Display: Found up-to-date module file ../../../Engine/Plugins/Editor/CryptoKeys/Binaries/Win64/UE4Editor-CryptoKeysOpenSSL.dll (API version 3944462).
LogModuleManager: Display: Found up-to-date module file ../../../Engine/Plugins/Editor/DataValidation/Binaries/Win64/UE4Editor-DataValidation.dll (API version 3944462).
LogModuleManager: Display: Found up-to-date module file ../../../Engine/Plugins/Editor/FacialAnimation/Binaries/Win64/UE4Editor-FacialAnimation.dll (API version 3944462).
LogModuleManager: Display: Found up-to-date module file ../../../Engine/Plugins/Editor/FacialAnimation/Binaries/Win64/UE4Editor-FacialAnimationEditor.dll (API version 3944462).
LogModuleManager: Display: Found up-to-date module file ../../../Engine/Plugins/Editor/GameplayTagsEditor/Binaries/Win64/UE4Editor-GameplayTagsEditor.dll (API version 3944462).
LogModuleManager: Display: Found up-to-date module file ../../../Engine/Plugins/Editor/MobileLauncherProfileWizard/Binaries/Win64/UE4Editor-MobileLauncherProfileWizard.dll (API version 3944462).
LogModuleManager: Display: Found up-to-date module file ../../../Engine/Plugins/Editor/PluginBrowser/Binaries/Win64/UE4Editor-PluginBrowser.dll (API version 3944462).
LogModuleManager: Display: Found up-to-date module file ../../../Engine/Plugins/Editor/SpeedTreeImporter/Binaries/Win64/UE4Editor-SpeedTreeImporter.dll (API version 3944462).
LogModuleManager: Display: Found up-to-date module file ../../../Engine/Plugins/Enterprise/DatasmithContent/Binaries/Win64/UE4Editor-DatasmithContent.dll (API version 3944462).
LogModuleManager: Display: Found up-to-date module file ../../../Engine/Plugins/Experimental/AlembicImporter/Binaries/Win64/UE4Editor-AlembicImporter.dll (API version 3944462).
LogModuleManager: Display: Found up-to-date module file ../../../Engine/Plugins/Experimental/AlembicImporter/Binaries/Win64/UE4Editor-AlembicLibrary.dll (API version 3944462).
LogModuleManager: Display: Found up-to-date module file ../../../Engine/Plugins/Experimental/CharacterAI/Binaries/Win64/UE4Editor-CharacterAI.dll (API version 3944462).
LogModuleManager: Display: Found up-to-date module file ../../../Engine/Plugins/Experimental/HTML5Networking/Binaries/Win64/UE4Editor-HTML5Networking.dll (API version 3944462).
LogModuleManager: Display: Found up-to-date module file ../../../Engine/Plugins/Media/AndroidMedia/Binaries/Win64/UE4Editor-AndroidMediaEditor.dll (API version 3944462).
LogModuleManager: Display: Found up-to-date module file ../../../Engine/Plugins/Media/AndroidMedia/Binaries/Win64/UE4Editor-AndroidMediaFactory.dll (API version 3944462).
LogModuleManager: Display: Found up-to-date module file ../../../Engine/Plugins/Media/AvfMedia/Binaries/Win64/UE4Editor-AvfMediaEditor.dll (API version 3944462).
LogModuleManager: Display: Found up-to-date module file ../../../Engine/Plugins/Media/AvfMedia/Binaries/Win64/UE4Editor-AvfMediaFactory.dll (API version 3944462).
LogModuleManager: Display: Found up-to-date module file ../../../Engine/Plugins/Media/AvfMedia/Binaries/Win64/UE4Editor-AvfMediaFactory.dll (API version 3944462).
LogModuleManager: Display: Found up-to-date module file ../../../Engine/Plugins/Media/ImgMedia/Binaries/Win64/UE4Editor-ImgMedia.dll (API version 3944462).
LogModuleManager: Display: Found up-to-date module file ../../../Engine/Plugins/Media/ImgMedia/Binaries/Win64/UE4Editor-ImgMediaEditor.dll (API version 3944462).
LogModuleManager: Display: Found up-to-date module file ../../../Engine/Plugins/Media/ImgMedia/Binaries/Win64/UE4Editor-ImgMediaFactory.dll (API version 3944462).
LogModuleManager: Display: Found up-to-date module file ../../../Engine/Plugins/Media/ImgMedia/Binaries/Win64/UE4Editor-ImgMediaFactory.dll (API version 3944462).
LogModuleManager: Display: Found up-to-date module file ../../../Engine/Plugins/Media/ImgMedia/Binaries/Win64/UE4Editor-OpenExrWrapper.dll (API version 3944462).
LogModuleManager: Display: Found up-to-date module file ../../../Engine/Plugins/Media/LinearTimecode/Binaries/Win64/UE4Editor-LinearTimecode.dll (API version 3944462).
LogModuleManager: Display: Found up-to-date module file ../../../Engine/Plugins/Media/MediaCompositing/Binaries/Win64/UE4Editor-MediaCompositing.dll (API version 3944462).
LogModuleManager: Display: Found up-to-date module file ../../../Engine/Plugins/Media/MediaCompositing/Binaries/Win64/UE4Editor-MediaCompositingEditor.dll (API version 3944462).
LogModuleManager: Display: Found up-to-date module file ../../../Engine/Plugins/Media/MediaPlayerEditor/Binaries/Win64/UE4Editor-MediaPlayerEditor.dll (API version 3944462).
LogModuleManager: Display: Found up-to-date module file ../../../Engine/Plugins/Media/WmfMedia/Binaries/Win64/UE4Editor-WmfMedia.dll (API version 3944462).
LogModuleManager: Display: Found up-to-date module file ../../../Engine/Plugins/Media/WmfMedia/Binaries/Win64/UE4Editor-WmfMediaEditor.dll (API version 3944462).
LogModuleManager: Display: Found up-to-date module file ../../../Engine/Plugins/Media/WmfMedia/Binaries/Win64/UE4Editor-WmfMediaFactory.dll (API version 3944462).
LogModuleManager: Display: Found up-to-date module file ../../../Engine/Plugins/Media/WmfMedia/Binaries/Win64/UE4Editor-WmfMediaFactory.dll (API version 3944462).
LogModuleManager: Display: Found up-to-date module file ../../../Engine/Plugins/Messaging/TcpMessaging/Binaries/Win64/UE4Editor-TcpMessaging.dll (API version 3944462).
LogModuleManager: Display: Found up-to-date module file ../../../Engine/Plugins/Messaging/UdpMessaging/Binaries/Win64/UE4Editor-UdpMessaging.dll (API version 3944462).
LogModuleManager: Display: Found up-to-date module file ../../../Engine/Plugins/MovieScene/ActorSequence/Binaries/Win64/UE4Editor-ActorSequence.dll (API version 3944462).
LogModuleManager: Display: Found up-to-date module file ../../../Engine/Plugins/MovieScene/LevelSequenceEditor/Binaries/Win64/UE4Editor-LevelSequenceEditor.dll (API version 3944462).
LogModuleManager: Display: Found up-to-date module file ../../../Engine/Plugins/MovieScene/MatineeToLevelSequence/Binaries/Win64/UE4Editor-MatineeToLevelSequence.dll (API version 3944462).
LogModuleManager: Display: Found up-to-date module file ../../../Engine/Plugins/NetcodeUnitTest/NetcodeUnitTest/Binaries/Win64/UE4Editor-NetcodeUnitTest.dll (API version 3944462).
LogModuleManager: Display: Found up-to-date module file ../../../Engine/Plugins/NetcodeUnitTest/NUTUnrealEngine4/Binaries/Win64/UE4Editor-NUTUnrealEngine4.dll (API version 3944462).
LogModuleManager: Display: Found up-to-date module file ../../../Engine/Plugins/Online/OnlineSubsystem/Binaries/Win64/UE4Editor-OnlineSubsystem.dll (API version 3944462).
LogModuleManager: Display: Found up-to-date module file ../../../Engine/Plugins/Runtime/AndroidPermission/Binaries/Win64/UE4Editor-AndroidPermission.dll (API version 3944462).
LogModuleManager: Display: Found up-to-date module file ../../../Engine/Plugins/Online/OnlineSubsystemNull/Binaries/Win64/UE4Editor-OnlineSubsystemNull.dll (API version 3944462).
LogModuleManager: Display: Found up-to-date module file ../../../Engine/Plugins/Online/OnlineSubsystemUtils/Binaries/Win64/UE4Editor-OnlineSubsystemUtils.dll (API version 3944462).
LogModuleManager: Display: Found up-to-date module file ../../../Engine/Plugins/Online/OnlineSubsystemUtils/Binaries/Win64/UE4Editor-OnlineBlueprintSupport.dll (API version 3944462).
LogModuleManager: Display: Found up-to-date module file ../../../Engine/Plugins/Runtime/AndroidDeviceProfileSelector/Binaries/Win64/UE4Editor-AndroidDeviceProfileSelector.dll (API version 3944462).
LogModuleManager: Display: Found up-to-date module file ../../../Engine/Plugins/Runtime/AppleARKit/Binaries/Win64/UE4Editor-AppleARKit.dll (API version 3944462).
LogModuleManager: Display: Found up-to-date module file ../../../Engine/Plugins/Runtime/ProceduralMeshComponent/Binaries/Win64/UE4Editor-ProceduralMeshComponent.dll (API version 3944462).
LogModuleManager: Display: Found up-to-date module file ../../../Engine/Plugins/Runtime/ProceduralMeshComponent/Binaries/Win64/UE4Editor-ProceduralMeshComponentEditor.dll (API version 3944462).
LogModuleManager: Display: Found up-to-date module file ../../../Engine/Plugins/Animation/LiveLink/Binaries/Win64/UE4Editor-LiveLink.dll (API version 3944462).
LogModuleManager: Display: Found up-to-date module file ../../../Engine/Plugins/Animation/LiveLink/Binaries/Win64/UE4Editor-LiveLinkEditor.dll (API version 3944462).
LogModuleManager: Display: Found up-to-date module file ../../../Engine/Plugins/Runtime/ArchVisCharacter/Binaries/Win64/UE4Editor-ArchVisCharacter.dll (API version 3944462).
LogModuleManager: Display: Found up-to-date module file ../../../Engine/Plugins/Runtime/AudioCapture/Binaries/Win64/UE4Editor-AudioCapture.dll (API version 3944462).
LogModuleManager: Display: Found up-to-date module file ../../../Engine/Plugins/Runtime/AudioCapture/Binaries/Win64/UE4Editor-AudioCaptureEditor.dll (API version 3944462).
LogModuleManager: Display: Found up-to-date module file ../../../Engine/Plugins/Runtime/CableComponent/Binaries/Win64/UE4Editor-CableComponent.dll (API version 3944462).
LogModuleManager: Display: Found up-to-date module file ../../../Engine/Plugins/Runtime/CustomMeshComponent/Binaries/Win64/UE4Editor-CustomMeshComponent.dll (API version 3944462).
LogModuleManager: Display: Found up-to-date module file ../../../Engine/Plugins/Runtime/ExampleDeviceProfileSelector/Binaries/Win64/UE4Editor-ExampleDeviceProfileSelector.dll (API version 3944462).
LogModuleManager: Display: Found up-to-date module file ../../../Engine/Plugins/Runtime/ImmediatePhysics/Binaries/Win64/UE4Editor-ImmediatePhysics.dll (API version 3944462).
LogModuleManager: Display: Found up-to-date module file ../../../Engine/Plugins/Runtime/ImmediatePhysics/Binaries/Win64/UE4Editor-ImmediatePhysicsEditor.dll (API version 3944462).
LogModuleManager: Display: Found up-to-date module file ../../../Engine/Plugins/Runtime/LocationServicesBPLibrary/Binaries/Win64/UE4Editor-LocationServicesBPLibrary.dll (API version 3944462).
LogModuleManager: Display: Found up-to-date module file ../../../Engine/Plugins/Runtime/MobilePatchingUtils/Binaries/Win64/UE4Editor-MobilePatchingUtils.dll (API version 3944462).
LogModuleManager: Display: Found up-to-date module file ../../../Engine/Plugins/Runtime/Oculus/OculusVR/Binaries/Win64/UE4Editor-OculusHMD.dll (API version 3944462).
LogModuleManager: Display: Found up-to-date module file ../../../Engine/Plugins/Runtime/Oculus/OculusVR/Binaries/Win64/UE4Editor-OculusInput.dll (API version 3944462).
LogModuleManager: Display: Found up-to-date module file ../../../Engine/Plugins/Runtime/Oculus/OculusVR/Binaries/Win64/UE4Editor-OculusEditor.dll (API version 3944462).
LogModuleManager: Display: Found up-to-date module file ../../../Engine/Plugins/Runtime/PhysXVehicles/Binaries/Win64/UE4Editor-PhysXVehicles.dll (API version 3944462).
LogModuleManager: Display: Found up-to-date module file ../../../Engine/Plugins/Runtime/PhysXVehicles/Binaries/Win64/UE4Editor-PhysXVehiclesEditor.dll (API version 3944462).
LogModuleManager: Display: Found up-to-date module file ../../../Engine/Plugins/Runtime/RuntimePhysXCooking/Binaries/Win64/UE4Editor-RuntimePhysXCooking.dll (API version 3944462).
LogModuleManager: Display: Found up-to-date module file ../../../Engine/Plugins/Runtime/Steam/SteamVR/Binaries/Win64/UE4Editor-SteamVR.dll (API version 3944462).
LogModuleManager: Display: Found up-to-date module file ../../../Engine/Plugins/Runtime/Steam/SteamVR/Binaries/Win64/UE4Editor-SteamVRController.dll (API version 3944462).
LogModuleManager: Display: Found up-to-date module file ../../../Engine/Plugins/Runtime/WindowsMoviePlayer/Binaries/Win64/UE4Editor-WindowsMoviePlayer.dll (API version 3944462).
LogPluginManager: Mounting plugin Paper2D
LogPluginManager: Mounting plugin LiveLink
LogPluginManager: Mounting plugin LightPropagationVolume
LogPluginManager: Mounting plugin CLionSourceCodeAccess
LogPluginManager: Mounting plugin CodeLiteSourceCodeAccess
LogPluginManager: Mounting plugin GitSourceControl
LogPluginManager: Mounting plugin KDevelopSourceCodeAccess
LogPluginManager: Mounting plugin NullSourceCodeAccess
LogPluginManager: Mounting plugin PerforceSourceControl
LogPluginManager: Mounting plugin SubversionSourceControl
LogPluginManager: Mounting plugin UObjectPlugin
LogPluginManager: Mounting plugin VisualStudioCodeSourceCodeAccess
LogPluginManager: Mounting plugin VisualStudioSourceCodeAccess
LogPluginManager: Mounting plugin XCodeSourceCodeAccess
LogPluginManager: Mounting plugin AssetManagerEditor
LogPluginManager: Mounting plugin CryptoKeys
LogPluginManager: Mounting plugin DataValidation
LogPluginManager: Mounting plugin FacialAnimation
LogPluginManager: Mounting plugin GameplayTagsEditor
LogPluginManager: Mounting plugin MobileLauncherProfileWizard
LogPluginManager: Mounting plugin PluginBrowser
LogPluginManager: Mounting plugin SpeedTreeImporter
LogPluginManager: Mounting plugin DatasmithContent
LogPluginManager: Mounting plugin AlembicImporter
LogPluginManager: Mounting plugin CharacterAI
LogPluginManager: Mounting plugin HTML5Networking
LogPluginManager: Mounting plugin AndroidMedia
LogPluginManager: Mounting plugin AvfMedia
LogPluginManager: Mounting plugin ImgMedia
LogPluginManager: Mounting plugin LinearTimecode
LogPluginManager: Mounting plugin MediaCompositing
LogPluginManager: Mounting plugin MediaPlayerEditor
LogPluginManager: Mounting plugin WmfMedia
LogPluginManager: Mounting plugin TcpMessaging
LogPluginManager: Mounting plugin UdpMessaging
LogPluginManager: Mounting plugin ActorSequence
LogPluginManager: Mounting plugin LevelSequenceEditor
LogPluginManager: Mounting plugin MatineeToLevelSequence
LogPluginManager: Mounting plugin NetcodeUnitTest
LogPluginManager: Mounting plugin NUTUnrealEngine4
LogPluginManager: Mounting plugin OnlineSubsystemGooglePlay
LogPluginManager: Mounting plugin OnlineSubsystemIOS
LogPluginManager: Mounting plugin OnlineSubsystem
LogPluginManager: Mounting plugin OnlineSubsystemNull
LogPluginManager: Mounting plugin OnlineSubsystemUtils
LogPluginManager: Mounting plugin AndroidDeviceProfileSelector
LogPluginManager: Mounting plugin AndroidMoviePlayer
LogPluginManager: Mounting plugin AndroidPermission
LogPluginManager: Mounting plugin AppleARKit
LogPluginManager: Mounting plugin AppleMoviePlayer
LogPluginManager: Mounting plugin ArchVisCharacter
LogPluginManager: Mounting plugin AudioCapture
LogPluginManager: Mounting plugin CableComponent
LogPluginManager: Mounting plugin CustomMeshComponent
LogPluginManager: Mounting plugin ExampleDeviceProfileSelector
LogPluginManager: Mounting plugin GoogleCloudMessaging
LogPluginManager: Mounting plugin ImmediatePhysics
LogPluginManager: Mounting plugin IOSDeviceProfileSelector
LogPluginManager: Mounting plugin LinuxDeviceProfileSelector
LogPluginManager: Mounting plugin LocationServicesBPLibrary
LogPluginManager: Mounting plugin MobilePatchingUtils
LogPluginManager: Mounting plugin OculusVR
LogPluginManager: Plugin shader directory ../../../Engine/Plugins/Runtime/Oculus/OculusVR/Shaders found
LogPluginManager: Mapping shader source directory ../../../Engine/Plugins/Runtime/Oculus/OculusVR/Shaders to virtual directory /Plugin/OculusVR
LogPluginManager: Mounting plugin PhysXVehicles
LogPluginManager: Mounting plugin ProceduralMeshComponent
LogPluginManager: Mounting plugin RuntimePhysXCooking
LogPluginManager: Mounting plugin SteamVR
LogPluginManager: Mounting plugin WindowsMoviePlayer
LogStreaming: Display: Took  2.882s to configure plugins.
LogInit: Using libcurl 7.47.1
LogInit:  - built for x86_64-pc-win32
LogInit:  - supports SSL with OpenSSL/1.0.2g
LogInit:  - supports HTTP deflate (compression) using libz 1.2.8
LogInit:  - other features:
LogInit:      CURL_VERSION_SSL
LogInit:      CURL_VERSION_LIBZ
LogInit:      CURL_VERSION_IPV6
LogInit:      CURL_VERSION_ASYNCHDNS
LogInit:      CURL_VERSION_LARGEFILE
LogInit:      CURL_VERSION_IDN
LogInit:  CurlRequestOptions (configurable via config and command line):
LogInit:  - bVerifyPeer = false  - Libcurl will NOT verify peer certificate
LogInit:  - bUseHttpProxy = false  - Libcurl will NOT use HTTP proxy
LogInit:  - bDontReuseConnections = false  - Libcurl will reuse connections
LogInit:  - CertBundlePath = nullptr  - Libcurl will use whatever was configured at build time.
LogInit:  - MaxHostConnections = 16  - Libcurl will limit the number of connections to a host
LogInit:  - LocalHostAddr = Default
LogInit: WinSock: version 1.1 (2.2), MaxSocks=32767, MaxUdp=65467
LogInit: WinSock: I am Paco-PC (192.168.1.4:0)
LogInit: Build: ++UE4+Release-4.19-CL-4033788
LogInit: Engine Version: 4.19.2-4033788+++UE4+Release-4.19
LogInit: Compatible Engine Version: 4.19.0-3944462+++UE4+Release-4.19
LogInit: Net CL: 3944462
LogDevObjectVersion: Number of dev versions registered: 18
LogDevObjectVersion:   Dev-Blueprints (B0D832E4-1F89-4F0D-ACCF-7EB736FD4AA2): 10
LogDevObjectVersion:   Dev-Build (E1C64328-A22C-4D53-A36C-8E866417BD8C): 0
LogDevObjectVersion:   Dev-Core (375EC13C-06E4-48FB-B500-84F0262A717E): 2
LogDevObjectVersion:   Dev-Editor (E4B068ED-F494-42E9-A231-DA0B2E46BB41): 23
LogDevObjectVersion:   Dev-Framework (CFFC743F-43B0-4480-9391-14DF171D2073): 33
LogDevObjectVersion:   Dev-Mobile (B02B49B5-BB20-44E9-A304-32B752E40360): 2
LogDevObjectVersion:   Dev-Networking (A4E4105C-59A1-49B5-A7C5-40C4547EDFEE): 0
LogDevObjectVersion:   Dev-Online (39C831C9-5AE6-47DC-9A44-9C173E1C8E7C): 0
LogDevObjectVersion:   Dev-Physics (78F01B33-EBEA-4F98-B9B4-84EACCB95AA2): 0
LogDevObjectVersion:   Dev-Platform (6631380F-2D4D-43E0-8009-CF276956A95A): 0
LogDevObjectVersion:   Dev-Rendering (12F88B9F-8875-4AFC-A67C-D90C383ABD29): 25
LogDevObjectVersion:   Dev-Sequencer (7B5AE74C-D270-4C10-A958-57980B212A5A): 6
LogDevObjectVersion:   Dev-VR (D7296918-1DD6-4BDD-9DE2-64A83CC13884): 1
LogDevObjectVersion:   Dev-LoadTimes (C2A15278-BFE7-4AFE-6C17-90FF531DF755): 1
LogDevObjectVersion:   Private-Geometry (6EACA3D4-40EC-4CC1-B786-8BED09428FC5): 2
LogDevObjectVersion:   Dev-AnimPhys (29E575DD-E0A3-4627-9D10-D276232CDCEA): 16
LogDevObjectVersion:   Dev-ReflectionCapture (6B266CEC-1EC7-4B8F-A30B-E4D90942FC07): 1
LogDevObjectVersion:   Dev-Automation (0DF73D61-A23F-47EA-B727-89E90C41499A): 1
LogInit: Compiled (64-bit): Apr 27 2018 02:06:57
LogInit: Compiled with Visual C++: 19.00.24215.01
LogInit: Build Configuration: Development
LogInit: Branch Name: ++UE4+Release-4.19
LogInit: Command Line:  
LogInit: Base Directory: C:/Unreal Engine/UE_4.19/Engine/Binaries/Win64/
LogInit: Installed Engine Build: 1
LogStreaming: Display: Took  0.002s to delete old logs.
LogInit: Presizing for max 8388607 objects, including 0 objects not considered by GC, pre-allocating 0 bytes for permanent pool.
LogInit: Object subsystem initialized
[2018.05.09-18.19.03:468][  0]LogInit: Selected Device Profile: [Windows]
[2018.05.09-18.19.03:468][  0]LogInit: Applying CVar settings loaded from the selected device profile: [Windows]
[2018.05.09-18.19.03:489][  0]LogInit: Computer: PACO-PC
[2018.05.09-18.19.03:490][  0]LogInit: User: Paco
[2018.05.09-18.19.03:490][  0]LogInit: CPU Page size=4096, Cores=8
[2018.05.09-18.19.03:490][  0]LogInit: High frequency timer resolution =3.320311 MHz
[2018.05.09-18.19.03:490][  0]LogMemory: Memory total: Physical=15.9GB (16GB approx)
[2018.05.09-18.19.03:490][  0]LogMemory: Platform Memory Stats for Windows
[2018.05.09-18.19.03:490][  0]LogMemory: Process Physical Memory: 275.82 MB used, 275.82 MB peak
[2018.05.09-18.19.03:490][  0]LogMemory: Process Virtual Memory: 272.38 MB used, 272.38 MB peak
[2018.05.09-18.19.03:490][  0]LogMemory: Physical Memory: 13882.93 MB used,  2447.90 MB free, 16330.83 MB total
[2018.05.09-18.19.03:490][  0]LogMemory: Virtual Memory: 731.36 MB used,  2447.90 MB free, 134217728.00 MB total
[2018.05.09-18.19.03:751][  0]LogInit: Overriding language with editor language configuration option (en).
[2018.05.09-18.19.03:751][  0]LogInit: Overriding locale with editor locale configuration option (en).
[2018.05.09-18.19.04:312][  0]LogStreaming: Display: Took  0.561s to EndInitTextLocalization.
[2018.05.09-18.19.04:312][  0]LogInit: Setting process to per monitor DPI aware
[2018.05.09-18.19.04:409][  0]LogSlate: New Slate User Created.  User Index 0, Is Virtual User: 0
[2018.05.09-18.19.04:409][  0]LogSlate: Slate User Registered.  User Index 0, Is Virtual User: 0
[2018.05.09-18.19.04:659][  0]LogD3D11RHI: D3D11 adapters:
[2018.05.09-18.19.04:796][  0]LogD3D11RHI:    0. 'NVIDIA GeForce GTX 1060 6GB' (Feature Level 11_0)
[2018.05.09-18.19.04:796][  0]LogD3D11RHI:       6052/0/8165 MB DedicatedVideo/DedicatedSystem/SharedSystem, Outputs:2, VendorId:0x10de
[2018.05.09-18.19.04:800][  0]LogD3D11RHI:    1. 'Microsoft Basic Render Driver' (Feature Level 11_0)
[2018.05.09-18.19.04:800][  0]LogD3D11RHI:       0/0/8165 MB DedicatedVideo/DedicatedSystem/SharedSystem, Outputs:0, VendorId:0x1414
[2018.05.09-18.19.04:800][  0]LogD3D11RHI: Chosen D3D11 Adapter: 0
[2018.05.09-18.19.04:816][  0]LogD3D11RHI: Creating new Direct3DDevice
[2018.05.09-18.19.04:816][  0]LogD3D11RHI:     GPU DeviceId: 0x1c03 (for the marketing name, search the web for "GPU Device Id")
[2018.05.09-18.19.04:816][  0]LogWindows: EnumDisplayDevices:
[2018.05.09-18.19.04:817][  0]LogWindows:    0. 'NVIDIA GeForce GTX 1060 6GB' (P:1 D:1)
[2018.05.09-18.19.04:817][  0]LogWindows:    1. 'NVIDIA GeForce GTX 1060 6GB' (P:0 D:1)
[2018.05.09-18.19.04:817][  0]LogWindows:    2. 'NVIDIA GeForce GTX 1060 6GB' (P:0 D:0)
[2018.05.09-18.19.04:817][  0]LogWindows:    3. 'NVIDIA GeForce GTX 1060 6GB' (P:0 D:0)
[2018.05.09-18.19.04:817][  0]LogWindows: DebugString: GetVideoDriverDetailsInvalid PrimaryIsNotTheChoosenAdapter GetVideoDriverDetailsInvalid PrimaryIsNotTheChoosenAdapter GetVideoDriverDetailsInvalid PrimaryIsNotTheChoosenAdapter GetVideoDriverDetailsInvalid PrimaryIsNotTheChoosenAdapter FoundDriverCount:0 
[2018.05.09-18.19.04:817][  0]LogD3D11RHI:     Adapter Name: NVIDIA GeForce GTX 1060 6GB
[2018.05.09-18.19.04:817][  0]LogD3D11RHI:   Driver Version: Unknown (internal:Unknown, unified:Unknown)
[2018.05.09-18.19.04:817][  0]LogD3D11RHI:      Driver Date: Unknown
[2018.05.09-18.19.04:817][  0]LogRHI: Texture pool is 4236 MB (70% of 6052 MB)
[2018.05.09-18.19.04:874][  0]LogD3D11RHI: [Aftermath] Aftermath enabled and primed
[2018.05.09-18.19.04:874][  0]LogD3D11RHI: [Aftermath] Aftermath enabled and primed
[2018.05.09-18.19.04:874][  0]LogD3D11RHI: Async texture creation enabled
[2018.05.09-18.19.04:910][  0]LogD3D11RHI: GPU Timing Frequency: 1000.000000 (Debug: 2 2)
[2018.05.09-18.19.05:011][  0]LogShaderCompilers: Guid format shader working directory is -23 characters bigger than the processId version (../../../../../Users/Paco/Desktop/jamPrueba/jamPrueba/BallsMovement/Intermediate/Shaders/WorkingDirectory/47260/).
[2018.05.09-18.19.05:011][  0]LogShaderCompilers: Cleaned the shader compiler working directory 'C:/Users/Paco/AppData/Local/Temp/UnrealShaderWorkingDir/AF1596BC46169A36729320B880FC8BEF/'.
[2018.05.09-18.19.05:533][  0]LogTemp: Display: Loaded TP AllDesktopTargetPlatform
[2018.05.09-18.19.05:568][  0]LogTemp: Display: Loaded TP MacClientTargetPlatform
[2018.05.09-18.19.05:602][  0]LogTemp: Display: Loaded TP MacNoEditorTargetPlatform
[2018.05.09-18.19.05:636][  0]LogTemp: Display: Loaded TP MacServerTargetPlatform
[2018.05.09-18.19.05:673][  0]LogTemp: Display: Loaded TP MacTargetPlatform
[2018.05.09-18.19.05:707][  0]LogTemp: Display: Loaded TP WindowsClientTargetPlatform
[2018.05.09-18.19.05:742][  0]LogTemp: Display: Loaded TP WindowsNoEditorTargetPlatform
[2018.05.09-18.19.05:777][  0]LogTemp: Display: Loaded TP WindowsServerTargetPlatform
[2018.05.09-18.19.05:802][  0]LogTemp: Display: Loaded TP WindowsTargetPlatform
[2018.05.09-18.19.05:833][  0]LogTemp: Display: Loaded TP Android_ASTCTargetPlatform
[2018.05.09-18.19.05:864][  0]LogTemp: Display: Loaded TP Android_ATCTargetPlatform
[2018.05.09-18.19.05:894][  0]LogTemp: Display: Loaded TP Android_DXTTargetPlatform
[2018.05.09-18.19.05:925][  0]LogTemp: Display: Loaded TP Android_ETC1aTargetPlatform
[2018.05.09-18.19.05:955][  0]LogTemp: Display: Loaded TP Android_ETC1TargetPlatform
[2018.05.09-18.19.05:985][  0]LogTemp: Display: Loaded TP Android_ETC2TargetPlatform
[2018.05.09-18.19.06:046][  0]LogTemp: Display: Loaded TP Android_MultiTargetPlatform
[2018.05.09-18.19.06:046][  0]LogTemp: Display: Loaded TP Android_PVRTCTargetPlatform
[2018.05.09-18.19.06:080][  0]LogTemp: Display: Loaded TP AndroidTargetPlatform
[2018.05.09-18.19.06:096][  0]LogTemp: Display: Loaded TP HTML5TargetPlatform
[2018.05.09-18.19.06:181][  0]LogTemp: Display: Loaded TP IOSTargetPlatform
[2018.05.09-18.19.06:211][  0]LogTemp: Display: Loaded TP TVOSTargetPlatform
[2018.05.09-18.19.06:241][  0]LogTemp: Display: Loaded TP LinuxClientTargetPlatform
[2018.05.09-18.19.06:273][  0]LogTemp: Display: Loaded TP LinuxNoEditorTargetPlatform
[2018.05.09-18.19.06:303][  0]LogTemp: Display: Loaded TP LinuxServerTargetPlatform
[2018.05.09-18.19.06:333][  0]LogTemp: Display: Loaded TP LinuxTargetPlatform
[2018.05.09-18.19.06:334][  0]LogTargetPlatformManager: Display: Building Assets For Windows
[2018.05.09-18.19.06:981][  0]LogXGEController: Cannot use XGE Controller as Incredibuild is not installed on this machine.
[2018.05.09-18.19.06:981][  0]LogShaderCompilers: Cannot use XGE Shader Compiler as Incredibuild is not installed on this machine.
[2018.05.09-18.19.06:981][  0]LogShaderCompilers: Display: Using Local Shader Compiler.
[2018.05.09-18.19.07:784][  0]LogDerivedDataCache: Display: Max Cache Size: 512 MB
[2018.05.09-18.19.07:881][  0]LogDerivedDataCache: Loaded boot cache 0.10s 74MB C:/Users/Paco/AppData/Local/UnrealEngine/4.19/DerivedDataCache/Boot.ddc.
[2018.05.09-18.19.07:881][  0]LogDerivedDataCache: Display: Loaded Boot cache: C:/Users/Paco/AppData/Local/UnrealEngine/4.19/DerivedDataCache/Boot.ddc
[2018.05.09-18.19.07:881][  0]LogDerivedDataCache: FDerivedDataBackendGraph:  Pak pak cache file ../../../../../Users/Paco/Desktop/jamPrueba/jamPrueba/BallsMovement/DerivedDataCache/DDC.ddp not found, will not use a pak cache.
[2018.05.09-18.19.07:881][  0]LogDerivedDataCache: Unable to find inner node Pak for hierarchical cache Hierarchy.
[2018.05.09-18.19.07:881][  0]LogDerivedDataCache: FDerivedDataBackendGraph:  CompressedPak pak cache file ../../../../../Users/Paco/Desktop/jamPrueba/jamPrueba/BallsMovement/DerivedDataCache/Compressed.ddp not found, will not use a pak cache.
[2018.05.09-18.19.07:881][  0]LogDerivedDataCache: Unable to find inner node CompressedPak for hierarchical cache Hierarchy.
[2018.05.09-18.19.07:900][  0]LogDerivedDataCache: Display: Pak cache opened for reading ../../../Engine/DerivedDataCache/Compressed.ddp.
[2018.05.09-18.19.07:913][  0]LogDerivedDataCache: Using Local data cache path C:/Users/Paco/AppData/Local/UnrealEngine/Common/DerivedDataCache: Writable
[2018.05.09-18.19.07:913][  0]LogDerivedDataCache: Shared data cache path not found in *engine.ini, will not use an Shared cache.
[2018.05.09-18.19.07:913][  0]LogDerivedDataCache: Unable to find inner node Shared for hierarchical cache Hierarchy.
[2018.05.09-18.19.07:926][  0]LogMaterial: Verifying Global Shaders for PCD3D_SM5
[2018.05.09-18.19.07:926][  0]LogSlate: Using Freetype 2.6.0
[2018.05.09-18.19.07:927][  0]LogSlate: SlateFontCache - WITH_FREETYPE: 1, WITH_HARFBUZZ: 1
[2018.05.09-18.19.07:927][  0]LogSlate: SlateFontCache - WITH_FREETYPE: 1, WITH_HARFBUZZ: 1
[2018.05.09-18.19.08:131][  0]LogAssetRegistry: FAssetRegistry took 0.0277 seconds to start up
[2018.05.09-18.19.08:532][  0]LogInit: Selected Device Profile: [Windows]
[2018.05.09-18.19.08:934][  0]LogSimplygon: Simplygon DLL not present - disabling.
[2018.05.09-18.19.08:958][  0]LogMeshReduction: Using SimplygonSwarm for distributed automatic mesh merging
[2018.05.09-18.19.08:958][  0]LogMeshReduction: Using QuadricMeshReduction for automatic static mesh reduction
[2018.05.09-18.19.08:958][  0]LogMeshReduction: No automatic skeletal mesh reduction module available
[2018.05.09-18.19.08:958][  0]LogMeshReduction: No automatic mesh merging module available
[2018.05.09-18.19.08:958][  0]LogMeshMerging: No automatic mesh merging module available
[2018.05.09-18.19.09:021][  0]LogNetVersion: BallsMovement , NetCL: 3944462, EngineNetVer: 2, GameNetVer: 0 (Checksum: 451959256)
[2018.05.09-18.19.09:570][  0]LogPackageLocalizationCache: Processed 9 localized package path(s) for 1 prioritized culture(s) in 0.075913 seconds
[2018.05.09-18.19.09:578][  0]LogUObjectArray: 36728 objects as part of root set at end of initial load.
[2018.05.09-18.19.09:578][  0]LogUObjectAllocator: 7314304 out of 0 bytes used by permanent object pool.
[2018.05.09-18.19.09:578][  0]LogUObjectArray: CloseDisregardForGC: 0/0 objects in disregard for GC pool
[2018.05.09-18.19.13:284][  0]LogTcpMessaging: Initializing TcpMessaging bridge
[2018.05.09-18.19.13:355][  0]LogUdpMessaging: Initializing bridge on interface 0.0.0.0:0 to multicast group 230.0.0.1:6666.
[2018.05.09-18.19.14:368][  0]SourceControl: Source control is disabled
[2018.05.09-18.19.14:368][  0]SourceControl: Source control is disabled
[2018.05.09-18.19.14:439][  0]SourceControl: Source control is disabled
[2018.05.09-18.19.14:502][  0]SourceControl: Source control is disabled
[2018.05.09-18.19.16:016][  0]LogAndroidPermission: UAndroidPermissionCallbackProxy::GetInstance
[2018.05.09-18.19.16:486][  0]LogOcInput: OculusInput pre-init called
[2018.05.09-18.19.16:771][  0]LogEngine: Initializing Engine...
[2018.05.09-18.19.16:914][  0]LogHMD: Failed to initialize OpenVR with code 126
[2018.05.09-18.19.16:917][  0]LogStats: UGameplayTagsManager::ConstructGameplayTagTree: Construct from data asset -  0.000 s
[2018.05.09-18.19.16:917][  0]LogStats: UGameplayTagsManager::ConstructGameplayTagTree: GameplayTagTreeChangedEvent.Broadcast -  0.000 s
[2018.05.09-18.19.17:195][  0]LogAIModule: Creating AISystem for world Untitled
[2018.05.09-18.19.17:310][  0]LogInit: XAudio2 using 'Altavoces (2- Logitech G430 Gaming Headset)' : 2 channels at 48 kHz using 16 bits per sample (channel mask 0x3)
[2018.05.09-18.19.17:334][  0]LogInit: FAudioDevice initialized.
[2018.05.09-18.19.17:435][  0]LogDerivedDataCache: Saved boot cache 0.10s 74MB C:/Users/Paco/AppData/Local/UnrealEngine/4.19/DerivedDataCache/Boot.ddc.
[2018.05.09-18.19.17:456][  0]LogInit: Texture streaming: Enabled
[2018.05.09-18.19.17:557][  0]LogEngineSessionManager: EngineSessionManager initialized
[2018.05.09-18.19.17:608][  0]LogInit: Transaction tracking system initialized
[2018.05.09-18.19.17:754][  0]BlueprintLog: New page: Editor Load
[2018.05.09-18.19.18:255][  0]LocalizationService: Localization service is disabled
[2018.05.09-18.19.18:601][  0]LogUObjectGlobals: Created PersistentFrame Addr=0x000002825bb39840, Size=88, Default__Landscape_Sculpt_Mode_C Function /Engine/Tutorial/Landscape/Landscape_Sculpt_Mode.Landscape_Sculpt_Mode_C:ExecuteUbergraph_Landscape_Sculpt_Mode
[2018.05.09-18.19.18:604][  0]LogUObjectGlobals: Destroyed PersistentFrame Addr=0x000002825bb39840, Size=88
[2018.05.09-18.19.18:604][  0]LogUObjectGlobals: Created PersistentFrame Addr=0x000002825bb39840, Size=88, Default__Landscape_Sculpt_Mode_C Function /Engine/Transient.REINST_Landscape_Sculpt_Mode_C_3:ExecuteUbergraph_Landscape_Sculpt_Mode
[2018.05.09-18.19.18:607][  0]LogUObjectGlobals: Created PersistentFrame Addr=0x00000282348f38d0, Size=80, Default__Landscape_Sculpt_Mode_C Function /Engine/Tutorial/Landscape/Landscape_Sculpt_Mode.Landscape_Sculpt_Mode_C:ExecuteUbergraph_Landscape_Sculpt_Mode
[2018.05.09-18.19.18:652][  0]LogUObjectGlobals: Created PersistentFrame Addr=0x000002825bb390c0, Size=88, Default__Landscape_Painting_Mode_C Function /Engine/Tutorial/Landscape/Landscape_Painting_Mode.Landscape_Painting_Mode_C:ExecuteUbergraph_Landscape_Painting_Mode
[2018.05.09-18.19.18:655][  0]LogUObjectGlobals: Destroyed PersistentFrame Addr=0x000002825bb390c0, Size=88
[2018.05.09-18.19.18:655][  0]LogUObjectGlobals: Created PersistentFrame Addr=0x000002825bb390c0, Size=88, Default__Landscape_Painting_Mode_C Function /Engine/Transient.REINST_Landscape_Painting_Mode_C_5:ExecuteUbergraph_Landscape_Painting_Mode
[2018.05.09-18.19.18:657][  0]LogUObjectGlobals: Created PersistentFrame Addr=0x000002825ba6b290, Size=80, Default__Landscape_Painting_Mode_C Function /Engine/Tutorial/Landscape/Landscape_Painting_Mode.Landscape_Painting_Mode_C:ExecuteUbergraph_Landscape_Painting_Mode
[2018.05.09-18.19.18:763][  0]LogConsoleResponse: Display: 
[2018.05.09-18.19.18:934][  0]LogCook: Display: Max memory allowance for cook 16384mb min free memory 0mb
[2018.05.09-18.19.18:935][  0]LogCook: Display: Mobile HDR setting 0
[2018.05.09-18.19.18:935][  0]LogGameplayTags: Display: UGameplayTagsManager::DoneAddingNativeTags. DelegateIsBound: 0
[2018.05.09-18.19.18:935][  0]LogStats: UGameplayTagsManager::ConstructGameplayTagTree: Construct from data asset -  0.000 s
[2018.05.09-18.19.18:935][  0]LogStats: UGameplayTagsManager::ConstructGameplayTagTree: GameplayTagTreeChangedEvent.Broadcast -  0.000 s
[2018.05.09-18.19.19:815][  0]LogFileCache: Scanning file cache for directory 'C:/Users/Paco/Desktop/jamPrueba/jamPrueba/BallsMovement/Content/' took 0.03s
[2018.05.09-18.19.20:199][  0]SourceControl: Source control is disabled
[2018.05.09-18.19.20:200][  0]Cmd: MAP LOAD FILE="../../../Engine/Content/Maps/Templates/Template_Default.umap" TEMPLATE=1 SHOWPROGRESS=1 FEATURELEVEL=3
[2018.05.09-18.19.20:200][  0]LightingResults: New page: Lighting Build
[2018.05.09-18.19.20:206][  0]MapCheck: New page: Map Check
[2018.05.09-18.19.20:206][  0]LightingResults: New page: Lighting Build
[2018.05.09-18.19.20:213][  0]LogUObjectGlobals: Destroyed PersistentFrame Addr=0x000002825bb39840, Size=88
[2018.05.09-18.19.20:213][  0]LogUObjectGlobals: Destroyed PersistentFrame Addr=0x000002825bb390c0, Size=88
[2018.05.09-18.19.20:366][  0]LogAIModule: Creating AISystem for world Untitled_1
[2018.05.09-18.19.20:372][  0]LogEditorServer: Finished looking for orphan Actors (0.000 secs)
[2018.05.09-18.19.20:381][  0]Cmd: MAP CHECKDEP NOCLEARLOG
[2018.05.09-18.19.20:455][  0]MapCheck: Map check complete: 0 Error(s), 0 Warning(s), took 73.259ms to complete.
[2018.05.09-18.19.20:455][  0]LogFileHelpers: Loading map 'Template_Default' took 0.255
[2018.05.09-18.19.20:530][  0]LogWindowsTextInputMethodSystem: Display: IME system now deactivated.
[2018.05.09-18.19.20:664][  0]LogCollectionManager: Loaded 0 collections in 0.005347 seconds
[2018.05.09-18.19.20:720][  0]LogFileCache: Scanning file cache for directory 'C:/Users/Paco/Desktop/jamPrueba/jamPrueba/BallsMovement/Saved/Collections/' took 0.01s
[2018.05.09-18.19.20:720][  0]LogFileCache: Scanning file cache for directory 'C:/Users/Paco/Desktop/jamPrueba/jamPrueba/BallsMovement/Content/Developers/Paco/Collections/' took 0.01s
[2018.05.09-18.19.20:720][  0]LogFileCache: Scanning file cache for directory 'C:/Users/Paco/Desktop/jamPrueba/jamPrueba/BallsMovement/Content/Collections/' took 0.01s
[2018.05.09-18.19.20:720][  0]LogCollectionManager: Rebuilt the GUID cache for 0 collections in 0.000001 seconds
[2018.05.09-18.19.20:732][  0]LogContentBrowser: Native class hierarchy populated in 0.0116 seconds. Added 2452 classes and 558 folders.
[2018.05.09-18.19.20:748][  0]LogContentBrowser: Native class hierarchy updated for 'WidgetCarousel' in 0.0003 seconds. Added 0 classes and 0 folders.
[2018.05.09-18.19.21:218][  0]LogContentBrowser: Native class hierarchy updated for 'AddContentDialog' in 0.0003 seconds. Added 0 classes and 0 folders.
[2018.05.09-18.19.21:251][  0]LogContentBrowser: Native class hierarchy updated for 'SceneOutliner' in 0.0003 seconds. Added 1 classes and 2 folders.
[2018.05.09-18.19.21:343][  0]LogSlate: Took 0.000447 seconds to synchronously load lazily loaded font '../../../Engine/Content/Slate/Fonts/Roboto-Regular.ttf' (155K)
[2018.05.09-18.19.21:346][  0]LogSlate: Took 0.000396 seconds to synchronously load lazily loaded font '../../../Engine/Content/Slate/Fonts/Roboto-Bold.ttf' (160K)
[2018.05.09-18.19.21:362][  0]LogSlate: Took 0.005672 seconds to synchronously load lazily loaded font '../../../Engine/Content/Editor/Slate/Fonts/FontAwesome.ttf' (139K)
[2018.05.09-18.19.21:508][  0]LogRenderer: Reallocating scene render targets to support 1772x660 Format 10 NumSamples 1 (Frame:1).
[2018.05.09-18.19.21:752][  0]LogContentBrowser: Native class hierarchy updated for 'HierarchicalLODOutliner' in 0.0003 seconds. Added 0 classes and 0 folders.
[2018.05.09-18.19.21:752][  0]LogLoad: (Engine Initialization) Total time: 24.91 seconds
[2018.05.09-18.19.21:752][  0]LogLoad: (Engine Initialization) Total Blueprint compile time: 0.00 seconds
[2018.05.09-18.19.21:783][  0]LogContentStreaming: Texture pool size now 1000 MB
[2018.05.09-18.19.21:847][  0]LogSlate: Took 0.006206 seconds to synchronously load lazily loaded font '../../../Engine/Content/Slate/Fonts/Roboto-Light.ttf' (167K)
[2018.05.09-18.19.21:866][  1]LogAssetRegistry: Asset discovery search completed in 13.7571 seconds
[2018.05.09-18.19.21:870][  1]LogCollectionManager: Rebuilt the object cache for 0 collections in 0.000000 seconds (found 0 objects)
[2018.05.09-18.19.21:870][  1]LogCollectionManager: Fixed up redirectors for 0 collections in 0.000083 seconds (updated 0 objects)
[2018.05.09-18.19.23:841][221]LogSlate: FSceneViewport::OnFocusLost() reason 0
[2018.05.09-18.19.34:566][488]LogSlate: Took 0.000253 seconds to synchronously load lazily loaded font '../../../Engine/Content/Slate/Fonts/Roboto-Light.ttf' (167K)
[2018.05.09-18.19.34:604][488]LogUObjectGlobals: Created PersistentFrame Addr=0x00000282472e2b00, Size=408, Default__BP_PawnBall_C Function /Game/Blueprints/BP_PawnBall.BP_PawnBall_C:ExecuteUbergraph_BP_PawnBall
[2018.05.09-18.19.34:609][488]LogUObjectGlobals: Destroyed PersistentFrame Addr=0x00000282472e2b00, Size=408
[2018.05.09-18.19.34:609][488]LogUObjectGlobals: Created PersistentFrame Addr=0x00000282472e2b00, Size=408, Default__BP_PawnBall_C Function /Engine/Transient.REINST_BP_PawnBall_C_11:ExecuteUbergraph_BP_PawnBall
[2018.05.09-18.19.34:612][488]LogUObjectGlobals: Created PersistentFrame Addr=0x0000028271a39440, Size=408, Default__BP_PawnBall_C Function /Game/Blueprints/BP_PawnBall.BP_PawnBall_C:ExecuteUbergraph_BP_PawnBall
[2018.05.09-18.19.34:706][488]LogAIModule: Creating AISystem for world BallMap
[2018.05.09-18.19.34:724][488]LogUObjectGlobals: Destroyed PersistentFrame Addr=0x00000282472e2b00, Size=408
[2018.05.09-18.19.34:726][488]Cmd: MAP LOAD FILE="../../../../../Users/Paco/Desktop/jamPrueba/jamPrueba/BallsMovement/Content/Maps/BallMap.umap" TEMPLATE=0 SHOWPROGRESS=1 FEATURELEVEL=3
[2018.05.09-18.19.34:726][488]LightingResults: New page: Lighting Build
[2018.05.09-18.19.34:727][488]LoadErrors: New page: Loading map: BallMap.umap
[2018.05.09-18.19.34:728][488]MapCheck: New page: Map Check
[2018.05.09-18.19.34:728][488]LightingResults: New page: Lighting Build
[2018.05.09-18.19.34:805][488]LogEditorServer: Finished looking for orphan Actors (0.000 secs)
[2018.05.09-18.19.34:849][488]Cmd: MAP CHECKDEP NOCLEARLOG
[2018.05.09-18.19.34:931][488]MapCheck: Map check complete: 0 Error(s), 0 Warning(s), took 82.946ms to complete.
[2018.05.09-18.19.34:933][488]LogFileHelpers: Loading map 'BallMap' took 0.208
[2018.05.09-18.19.36:630][682]LogTemp: Repeating last play command: Selected Viewport
[2018.05.09-18.19.36:651][682]LogPlayLevel: PlayLevel: No blueprints needed recompiling
[2018.05.09-18.19.36:652][682]PIE: New page: PIE session: BallMap (May 9, 2018, 10:19:36 PM)
[2018.05.09-18.19.36:652][682]LogPlayLevel: Creating play world package: /Game/Maps/UEDPIE_0_BallMap
[2018.05.09-18.19.36:657][682]LogPlayLevel: PIE: StaticDuplicateObject took: (0.004282s)
[2018.05.09-18.19.36:657][682]LogAIModule: Creating AISystem for world BallMap
[2018.05.09-18.19.36:657][682]LogPlayLevel: PIE: World Init took: (0.000719s)
[2018.05.09-18.19.36:658][682]LogPlayLevel: PIE: Created PIE world by copying editor world from /Game/Maps/BallMap.BallMap to /Game/Maps/UEDPIE_0_BallMap.BallMap (0.005190s)
[2018.05.09-18.19.36:684][682]LogInit: XAudio2 using 'Altavoces (2- Logitech G430 Gaming Headset)' : 2 channels at 48 kHz using 16 bits per sample (channel mask 0x3)
[2018.05.09-18.19.36:695][682]LogInit: FAudioDevice initialized.
[2018.05.09-18.19.36:750][682]LogUObjectGlobals: Created PersistentFrame Addr=0x00000282668a9d80, Size=352, Default__PC_TargetLocator_C Function /Game/Blueprints/PC_TargetLocator.PC_TargetLocator_C:ExecuteUbergraph_PC_TargetLocator
[2018.05.09-18.19.36:753][682]LogUObjectGlobals: Destroyed PersistentFrame Addr=0x00000282668a9d80, Size=352
[2018.05.09-18.19.36:753][682]LogUObjectGlobals: Created PersistentFrame Addr=0x000002827c835600, Size=352, Default__PC_TargetLocator_C Function /Engine/Transient.REINST_PC_TargetLocator_C_13:ExecuteUbergraph_PC_TargetLocator
[2018.05.09-18.19.36:756][682]LogUObjectGlobals: Created PersistentFrame Addr=0x00000282660c7700, Size=352, Default__PC_TargetLocator_C Function /Game/Blueprints/PC_TargetLocator.PC_TargetLocator_C:ExecuteUbergraph_PC_TargetLocator
[2018.05.09-18.19.36:786][682]LogUObjectGlobals: Created PersistentFrame Addr=0x0000028266001e50, Size=8, Default__WD_ballMenu_C Function /Game/Widgets/WD_ballMenu.WD_ballMenu_C:ExecuteUbergraph_WD_ballMenu
[2018.05.09-18.19.36:790][682]LogUObjectGlobals: Destroyed PersistentFrame Addr=0x0000028266001e50, Size=8
[2018.05.09-18.19.36:790][682]LogUObjectGlobals: Created PersistentFrame Addr=0x0000028266001e50, Size=8, Default__WD_ballMenu_C Function /Engine/Transient.REINST_WD_ballMenu_C_0:ExecuteUbergraph_WD_ballMenu
[2018.05.09-18.19.36:792][682]LogUObjectGlobals: Created PersistentFrame Addr=0x0000028266001d00, Size=8, Default__WD_ballMenu_C Function /Game/Widgets/WD_ballMenu.WD_ballMenu_C:ExecuteUbergraph_WD_ballMenu
[2018.05.09-18.19.36:798][682]LogUObjectGlobals: Created PersistentFrame Addr=0x00000282660a5280, Size=104, Default__GM_ballMovement_C Function /Game/Blueprints/GM_ballMovement.GM_ballMovement_C:ExecuteUbergraph_GM_ballMovement
[2018.05.09-18.19.36:802][682]LogUObjectGlobals: Destroyed PersistentFrame Addr=0x00000282660a5280, Size=104
[2018.05.09-18.19.36:802][682]LogUObjectGlobals: Created PersistentFrame Addr=0x00000282660a5280, Size=104, Default__GM_ballMovement_C Function /Engine/Transient.REINST_GM_ballMovement_C_17:ExecuteUbergraph_GM_ballMovement
[2018.05.09-18.19.36:805][682]LogUObjectGlobals: Created PersistentFrame Addr=0x000002827c781fa0, Size=104, Default__GM_ballMovement_C Function /Game/Blueprints/GM_ballMovement.GM_ballMovement_C:ExecuteUbergraph_GM_ballMovement
[2018.05.09-18.19.36:892][682]LogLoad: Game class is 'GM_ballMovement_C'
[2018.05.09-18.19.36:896][682]LogWorld: Bringing World /Game/Maps/UEDPIE_0_BallMap.BallMap up for play (max tick rate 0) at 2018.05.09-20.19.36
[2018.05.09-18.19.36:899][682]LogWorld: Bringing up level for play took: 0.003501
[2018.05.09-18.19.36:913][682]LogContentBrowser: Native class hierarchy updated for 'MovieSceneCapture' in 0.0003 seconds. Added 11 classes and 0 folders.
[2018.05.09-18.19.36:917][682]PIE: Play in editor start time for /Game/Maps/UEDPIE_0_BallMap 0.155
[2018.05.09-18.19.38:707][886]LogUObjectGlobals: Destroyed PersistentFrame Addr=0x00000282660a5280, Size=104
[2018.05.09-18.19.38:708][886]LogUObjectGlobals: Destroyed PersistentFrame Addr=0x0000028266001e50, Size=8
[2018.05.09-18.19.38:708][886]LogUObjectGlobals: Destroyed PersistentFrame Addr=0x000002827c835600, Size=352
[2018.05.09-18.19.40:808][133]LogTemp: Repeating last play command: Selected Viewport
[2018.05.09-18.19.40:830][133]LogPlayLevel: PlayLevel: No blueprints needed recompiling
[2018.05.09-18.19.40:830][133]PIE: New page: PIE session: BallMap (May 9, 2018, 10:19:40 PM)
[2018.05.09-18.19.40:830][133]LogPlayLevel: Creating play world package: /Game/Maps/UEDPIE_0_BallMap
[2018.05.09-18.19.40:833][133]LogPlayLevel: PIE: StaticDuplicateObject took: (0.002219s)
[2018.05.09-18.19.40:833][133]LogAIModule: Creating AISystem for world BallMap
[2018.05.09-18.19.40:833][133]LogPlayLevel: PIE: World Init took: (0.000704s)
[2018.05.09-18.19.40:833][133]LogPlayLevel: PIE: Created PIE world by copying editor world from /Game/Maps/BallMap.BallMap to /Game/Maps/UEDPIE_0_BallMap.BallMap (0.003075s)
[2018.05.09-18.19.40:858][133]LogInit: XAudio2 using 'Altavoces (2- Logitech G430 Gaming Headset)' : 2 channels at 48 kHz using 16 bits per sample (channel mask 0x3)
[2018.05.09-18.19.40:868][133]LogInit: FAudioDevice initialized.
[2018.05.09-18.19.40:904][133]LogLoad: Game class is 'GM_ballMovement_C'
[2018.05.09-18.19.40:906][133]LogWorld: Bringing World /Game/Maps/UEDPIE_0_BallMap.BallMap up for play (max tick rate 0) at 2018.05.09-20.19.40
[2018.05.09-18.19.40:906][133]LogWorld: Bringing up level for play took: 0.000803
[2018.05.09-18.19.40:908][133]PIE: Play in editor start time for /Game/Maps/UEDPIE_0_BallMap 0.146
[2018.05.09-18.23.09:471][811]LogSlate: Window 'Pick Parent Class' being destroyed
[2018.05.09-18.23.20:362][ 57]Cmd: OBJ SAVEPACKAGE PACKAGE="/Game/Maps/BallMap" FILE="../../../../../Users/Paco/Desktop/jamPrueba/jamPrueba/BallsMovement/Content/Maps/BallMap.umap" SILENT=true AUTOSAVING=false KEEPDIRTY=false
[2018.05.09-18.23.20:421][ 57]LogSavePackage: Save=29.51ms
[2018.05.09-18.23.20:421][ 57]LogSavePackage: Moving '../../../../../Users/Paco/Desktop/jamPrueba/jamPrueba/BallsMovement/Saved/BallMap58B5EDA04AF18B59FFDC3B9BC8044FD0.tmp' to '../../../../../Users/Paco/Desktop/jamPrueba/jamPrueba/BallsMovement/Content/Maps/BallMap.umap'
[2018.05.09-18.23.20:424][ 57]LogSavePackage: Display: Finished SavePackage ../../../../../Users/Paco/Desktop/jamPrueba/jamPrueba/BallsMovement/Content/Maps/BallMap.umap
[2018.05.09-18.23.20:462][ 57]Cmd: OBJ SAVEPACKAGE PACKAGE="/Game/Maps/BallMap_BuiltData" FILE="../../../../../Users/Paco/Desktop/jamPrueba/jamPrueba/BallsMovement/Content/Maps/BallMap_BuiltData.uasset" SILENT=true
[2018.05.09-18.23.20:503][ 57]LogSavePackage: Save=20.00ms
[2018.05.09-18.23.20:503][ 57]LogSavePackage: Moving '../../../../../Users/Paco/Desktop/jamPrueba/jamPrueba/BallsMovement/Saved/BallMap_BuiltData153EAD314F35EA6D7CF6E98781A00603.tmp' to '../../../../../Users/Paco/Desktop/jamPrueba/jamPrueba/BallsMovement/Content/Maps/BallMap_BuiltData.uasset'
[2018.05.09-18.23.20:506][ 57]LogSavePackage: Display: Finished SavePackage ../../../../../Users/Paco/Desktop/jamPrueba/jamPrueba/BallsMovement/Content/Maps/BallMap_BuiltData.uasset
